  Brick.cpp
  Game.cpp
C:\Users\Administrator\Desktop\Gimmick - git\Mr.Gimmick\gamedev-intro-tutorials-master\05-ScenceManager\MapGame.h(15,2): warning C4091: 'typedef ': ignored on left of 'Map' when no variable is declared
C:\Users\Administrator\Desktop\Gimmick - git\Mr.Gimmick\gamedev-intro-tutorials-master\05-ScenceManager\Gimmick.h(45,79): warning C4244: '=': conversion from 'ULONGLONG' to 'DWORD', possible loss of data
  GameObject.cpp
  Gimmick.cpp
C:\Users\Administrator\Desktop\Gimmick - git\Mr.Gimmick\gamedev-intro-tutorials-master\05-ScenceManager\Gimmick.h(45,79): warning C4244: '=': conversion from 'ULONGLONG' to 'DWORD', possible loss of data
  Goomba.cpp
  Koopas.cpp
  MapGame.cpp
C:\Users\Administrator\Desktop\Gimmick - git\Mr.Gimmick\gamedev-intro-tutorials-master\05-ScenceManager\MapGame.h(15,2): warning C4091: 'typedef ': ignored on left of 'Map' when no variable is declared
C:\Users\Administrator\Desktop\Gimmick - git\Mr.Gimmick\gamedev-intro-tutorials-master\05-ScenceManager\MapGame.cpp(36,45): warning C4244: '=': conversion from 'int' to 'float', possible loss of data
C:\Users\Administrator\Desktop\Gimmick - git\Mr.Gimmick\gamedev-intro-tutorials-master\05-ScenceManager\MapGame.cpp(37,45): warning C4244: '=': conversion from 'int' to 'float', possible loss of data
C:\Users\Administrator\Desktop\Gimmick - git\Mr.Gimmick\gamedev-intro-tutorials-master\05-ScenceManager\MapGame.cpp(39,67): warning C4244: 'argument': conversion from 'float' to 'int', possible loss of data
C:\Users\Administrator\Desktop\Gimmick - git\Mr.Gimmick\gamedev-intro-tutorials-master\05-ScenceManager\MapGame.cpp(39,58): warning C4244: 'argument': conversion from 'float' to 'int', possible loss of data
C:\Users\Administrator\Desktop\Gimmick - git\Mr.Gimmick\gamedev-intro-tutorials-master\05-ScenceManager\MapGame.cpp(39,51): warning C4244: 'argument': conversion from 'float' to 'int', possible loss of data
C:\Users\Administrator\Desktop\Gimmick - git\Mr.Gimmick\gamedev-intro-tutorials-master\05-ScenceManager\MapGame.cpp(39,47): warning C4244: 'argument': conversion from 'float' to 'int', possible loss of data
C:\Users\Administrator\Desktop\Gimmick - git\Mr.Gimmick\gamedev-intro-tutorials-master\05-ScenceManager\MapGame.cpp(55,12): warning C4244: '=': conversion from 'int' to 'float', possible loss of data
C:\Users\Administrator\Desktop\Gimmick - git\Mr.Gimmick\gamedev-intro-tutorials-master\05-ScenceManager\MapGame.cpp(56,12): warning C4244: '=': conversion from 'int' to 'float', possible loss of data
C:\Users\Administrator\Desktop\Gimmick - git\Mr.Gimmick\gamedev-intro-tutorials-master\05-ScenceManager\MapGame.cpp(67,24): warning C4244: 'return': conversion from 'int' to 'float', possible loss of data
C:\Users\Administrator\Desktop\Gimmick - git\Mr.Gimmick\gamedev-intro-tutorials-master\05-ScenceManager\MapGame.cpp(71,24): warning C4244: 'return': conversion from 'int' to 'float', possible loss of data
  Mario.cpp
  PlatformsMoving.cpp
C:\Users\Administrator\Desktop\Gimmick - git\Mr.Gimmick\gamedev-intro-tutorials-master\05-ScenceManager\Gimmick.h(45,79): warning C4244: '=': conversion from 'ULONGLONG' to 'DWORD', possible loss of data
C:\Users\Administrator\Desktop\Gimmick - git\Mr.Gimmick\gamedev-intro-tutorials-master\05-ScenceManager\PlatformsMoving.cpp(23,8): warning C4244: '=': conversion from 'int' to 'float', possible loss of data
C:\Users\Administrator\Desktop\Gimmick - git\Mr.Gimmick\gamedev-intro-tutorials-master\05-ScenceManager\PlatformsMoving.cpp(28,8): warning C4244: '=': conversion from 'int' to 'float', possible loss of data
C:\Users\Administrator\Desktop\Gimmick - git\Mr.Gimmick\gamedev-intro-tutorials-master\05-ScenceManager\PlatformsMoving.cpp(52,8): warning C4244: '=': conversion from 'int' to 'float', possible loss of data
C:\Users\Administrator\Desktop\Gimmick - git\Mr.Gimmick\gamedev-intro-tutorials-master\05-ScenceManager\PlatformsMoving.cpp(57,8): warning C4244: '=': conversion from 'int' to 'float', possible loss of data
  PlayScence.cpp
C:\Users\Administrator\Desktop\Gimmick - git\Mr.Gimmick\gamedev-intro-tutorials-master\05-ScenceManager\MapGame.h(15,2): warning C4091: 'typedef ': ignored on left of 'Map' when no variable is declared
C:\Users\Administrator\Desktop\Gimmick - git\Mr.Gimmick\gamedev-intro-tutorials-master\05-ScenceManager\Gimmick.h(45,79): warning C4244: '=': conversion from 'ULONGLONG' to 'DWORD', possible loss of data
C:\Users\Administrator\Desktop\Gimmick - git\Mr.Gimmick\gamedev-intro-tutorials-master\05-ScenceManager\SlopeBrick.h(15,2): warning C4091: 'typedef ': ignored on left of 'Slope' when no variable is declared
C:\Users\Administrator\Desktop\Gimmick - git\Mr.Gimmick\gamedev-intro-tutorials-master\05-ScenceManager\PlayScence.cpp(95,20): warning C4018: '<': signed/unsigned mismatch
C:\Users\Administrator\Desktop\Gimmick - git\Mr.Gimmick\gamedev-intro-tutorials-master\05-ScenceManager\PlayScence.cpp(117,20): warning C4018: '<': signed/unsigned mismatch
C:\Users\Administrator\Desktop\Gimmick - git\Mr.Gimmick\gamedev-intro-tutorials-master\05-ScenceManager\PlayScence.cpp(140,10): warning C4244: 'initializing': conversion from 'double' to 'float', possible loss of data
C:\Users\Administrator\Desktop\Gimmick - git\Mr.Gimmick\gamedev-intro-tutorials-master\05-ScenceManager\PlayScence.cpp(141,10): warning C4244: 'initializing': conversion from 'double' to 'float', possible loss of data
C:\Users\Administrator\Desktop\Gimmick - git\Mr.Gimmick\gamedev-intro-tutorials-master\05-ScenceManager\PlayScence.cpp(166,15): warning C4244: 'initializing': conversion from 'double' to 'float', possible loss of data
C:\Users\Administrator\Desktop\Gimmick - git\Mr.Gimmick\gamedev-intro-tutorials-master\05-ScenceManager\PlayScence.cpp(167,16): warning C4244: 'initializing': conversion from 'double' to 'float', possible loss of data
C:\Users\Administrator\Desktop\Gimmick - git\Mr.Gimmick\gamedev-intro-tutorials-master\05-ScenceManager\PlayScence.cpp(182,16): warning C4244: 'initializing': conversion from 'double' to 'float', possible loss of data
C:\Users\Administrator\Desktop\Gimmick - git\Mr.Gimmick\gamedev-intro-tutorials-master\05-ScenceManager\PlayScence.cpp(183,17): warning C4244: 'initializing': conversion from 'double' to 'float', possible loss of data
C:\Users\Administrator\Desktop\Gimmick - git\Mr.Gimmick\gamedev-intro-tutorials-master\05-ScenceManager\PlayScence.cpp(197,16): warning C4244: 'initializing': conversion from 'double' to 'float', possible loss of data
C:\Users\Administrator\Desktop\Gimmick - git\Mr.Gimmick\gamedev-intro-tutorials-master\05-ScenceManager\PlayScence.cpp(198,17): warning C4244: 'initializing': conversion from 'double' to 'float', possible loss of data
C:\Users\Administrator\Desktop\Gimmick - git\Mr.Gimmick\gamedev-intro-tutorials-master\05-ScenceManager\PlayScence.cpp(200,24): warning C4244: '=': conversion from 'double' to 'float', possible loss of data
C:\Users\Administrator\Desktop\Gimmick - git\Mr.Gimmick\gamedev-intro-tutorials-master\05-ScenceManager\PlayScence.cpp(201,24): warning C4244: '=': conversion from 'double' to 'float', possible loss of data
C:\Users\Administrator\Desktop\Gimmick - git\Mr.Gimmick\gamedev-intro-tutorials-master\05-ScenceManager\PlayScence.cpp(202,22): warning C4244: '=': conversion from 'double' to 'float', possible loss of data
C:\Users\Administrator\Desktop\Gimmick - git\Mr.Gimmick\gamedev-intro-tutorials-master\05-ScenceManager\PlayScence.cpp(203,22): warning C4244: '=': conversion from 'double' to 'float', possible loss of data
C:\Users\Administrator\Desktop\Gimmick - git\Mr.Gimmick\gamedev-intro-tutorials-master\05-ScenceManager\PlayScence.cpp(212,12): warning C4244: 'initializing': conversion from 'double' to 'float', possible loss of data
C:\Users\Administrator\Desktop\Gimmick - git\Mr.Gimmick\gamedev-intro-tutorials-master\05-ScenceManager\PlayScence.cpp(213,12): warning C4244: 'initializing': conversion from 'double' to 'float', possible loss of data
C:\Users\Administrator\Desktop\Gimmick - git\Mr.Gimmick\gamedev-intro-tutorials-master\05-ScenceManager\PlayScence.cpp(341,20): warning C4018: '<': signed/unsigned mismatch
C:\Users\Administrator\Desktop\Gimmick - git\Mr.Gimmick\gamedev-intro-tutorials-master\05-ScenceManager\PlayScence.cpp(350,20): warning C4018: '<': signed/unsigned mismatch
  Portal.cpp
C:\Users\Administrator\Desktop\Gimmick - git\Mr.Gimmick\gamedev-intro-tutorials-master\05-ScenceManager\Portal.cpp(9,16): warning C4244: '=': conversion from 'float' to 'int', possible loss of data
C:\Users\Administrator\Desktop\Gimmick - git\Mr.Gimmick\gamedev-intro-tutorials-master\05-ScenceManager\Portal.cpp(10,17): warning C4244: '=': conversion from 'float' to 'int', possible loss of data
  SlopeBrick.cpp
C:\Users\Administrator\Desktop\Gimmick - git\Mr.Gimmick\gamedev-intro-tutorials-master\05-ScenceManager\SlopeBrick.h(15,2): warning C4091: 'typedef ': ignored on left of 'Slope' when no variable is declared
C:\Users\Administrator\Desktop\Gimmick - git\Mr.Gimmick\gamedev-intro-tutorials-master\05-ScenceManager\SlopeBrick.cpp(25,2): warning C4060: switch statement contains no 'case' or 'default' labels
  main.cpp
C:\Users\Administrator\Desktop\Gimmick - git\Mr.Gimmick\gamedev-intro-tutorials-master\05-ScenceManager\MapGame.h(15,2): warning C4091: 'typedef ': ignored on left of 'Map' when no variable is declared
C:\Users\Administrator\Desktop\Gimmick - git\Mr.Gimmick\gamedev-intro-tutorials-master\05-ScenceManager\Gimmick.h(45,79): warning C4244: '=': conversion from 'ULONGLONG' to 'DWORD', possible loss of data
C:\Users\Administrator\Desktop\Gimmick - git\Mr.Gimmick\gamedev-intro-tutorials-master\05-ScenceManager\main.cpp(184,61): warning C4244: 'argument': conversion from 'double' to 'int', possible loss of data
C:\Users\Administrator\Desktop\Gimmick - git\Mr.Gimmick\gamedev-intro-tutorials-master\05-ScenceManager\main.cpp(184,42): warning C4244: 'argument': conversion from 'double' to 'int', possible loss of data
  Generating Code...
  05-ScenceManager.vcxproj -> C:\Users\Administrator\Desktop\Gimmick - git\Mr.Gimmick\gamedev-intro-tutorials-master\Debug\Mr.Gimmick.exe
